<?xml version="1.0" encoding="UTF-8"?>
<testng-results skipped="0" failed="4" ignored="4" total="16" passed="8">
  <reporter-output>
  </reporter-output>
  <suite name="Suite" duration-ms="315465" started-at="2022-06-11T19:34:14 IST" finished-at="2022-06-11T19:39:29 IST">
    <groups>
      <group name="regression">
        <method signature="EndToEndTest.validateorderpage()[pri:0, instance:EndToEndTest@77a57272]" name="validateorderpage" class="EndToEndTest"/>
        <method signature="SearchResultPageTest.checkseachresult()[pri:0, instance:SearchResultPageTest@1188e820]" name="checkseachresult" class="SearchResultPageTest"/>
      </group> <!-- regression -->
      <group name="smoke">
        <method signature="SearchResultPageTest.validatenoresulttext()[pri:-1, instance:SearchResultPageTest@1188e820]" name="validatenoresulttext" class="SearchResultPageTest"/>
        <method signature="AddToCartPageTest.validateaddtocartmessage()[pri:0, instance:AddToCartPageTest@32464a14]" name="validateaddtocartmessage" class="AddToCartPageTest"/>
        <method signature="HomePageTest.validateHomePage()[pri:0, instance:HomePageTest@16022d9d]" name="validateHomePage" class="HomePageTest"/>
        <method signature="IndexPageTest.checkLogotest()[pri:0, instance:IndexPageTest@46238e3f]" name="checkLogotest" class="IndexPageTest"/>
        <method signature="IndexPageTest.checkTitleTest()[pri:0, instance:IndexPageTest@46238e3f]" name="checkTitleTest" class="IndexPageTest"/>
        <method signature="LoginPageTest.login(java.lang.String,java.lang.String,java.lang.String)[pri:0, instance:LoginPageTest@6e2c9341]" name="login" class="LoginPageTest"/>
        <method signature="OrderPageTest.validateorderpage()[pri:0, instance:OrderPageTest@2f490758]" name="validateorderpage" class="OrderPageTest"/>
        <method signature="SearchResultPageTest.checkseachresult()[pri:0, instance:SearchResultPageTest@1188e820]" name="checkseachresult" class="SearchResultPageTest"/>
      </group> <!-- smoke -->
      <group name="sanity">
        <method signature="SearchResultPageTest.validatenoresulttext()[pri:-1, instance:SearchResultPageTest@1188e820]" name="validatenoresulttext" class="SearchResultPageTest"/>
        <method signature="AccountCreationTest.validateAccountCreationPage()[pri:0, instance:AccountCreationTest@7181ae3f]" name="validateAccountCreationPage" class="AccountCreationTest"/>
        <method signature="IndexPageTest.checkLogotest()[pri:0, instance:IndexPageTest@46238e3f]" name="checkLogotest" class="IndexPageTest"/>
        <method signature="LoginPageTest.login(java.lang.String,java.lang.String,java.lang.String)[pri:0, instance:LoginPageTest@6e2c9341]" name="login" class="LoginPageTest"/>
      </group> <!-- sanity -->
    </groups>
    <test name="Test" duration-ms="315465" started-at="2022-06-11T19:34:14 IST" finished-at="2022-06-11T19:39:29 IST">
      <class name="AddToCartPageTest">
        <test-method status="PASS" signature="setUp(java.lang.String)[pri:0, instance:AddToCartPageTest@32464a14]" name="setUp" is-config="true" duration-ms="7299" started-at="2022-06-11T19:39:01 IST" finished-at="2022-06-11T19:39:08 IST">
          <params>
            <param index="0">
              <value>
                <![CDATA[chrome]]>
              </value>
            </param>
          </params>
          <reporter-output>
          </reporter-output>
        </test-method> <!-- setUp -->
        <test-method status="FAIL" signature="validateaddtocartmessage()[pri:0, instance:AddToCartPageTest@32464a14]" name="validateaddtocartmessage" duration-ms="20627" started-at="2022-06-11T19:39:08 IST" description="Checks the valid add to cart message" finished-at="2022-06-11T19:39:29 IST">
          <exception class="org.openqa.selenium.TimeoutException">
            <message>
              <![CDATA[Expected condition failed: waiting for visibility of Proxy element for: DefaultElementLocator 'By.xpath: //a[contains(@class,'product_img_link')]' (tried for 10 second(s) with 500 milliseconds interval)]]>
            </message>
            <full-stacktrace>
              <![CDATA[org.openqa.selenium.TimeoutException: Expected condition failed: waiting for visibility of Proxy element for: DefaultElementLocator 'By.xpath: //a[contains(@class,'product_img_link')]' (tried for 10 second(s) with 500 milliseconds interval)
at org.openqa.selenium.support.ui.WebDriverWait.timeoutException(WebDriverWait.java:138)
at org.openqa.selenium.support.ui.FluentWait.until(FluentWait.java:231)
at com.mystore.actiondriver.ActionDriver.explicitwaitforelements(ActionDriver.java:264)
at com.mystore.pageobjects.AddToCartPage.clicksearchResult(AddToCartPage.java:36)
at AddToCartPageTest.validateaddtocartmessage(AddToCartPageTest.java:46)
at sun.reflect.NativeMethodAccessorImpl.invoke0(Native Method)
at sun.reflect.NativeMethodAccessorImpl.invoke(NativeMethodAccessorImpl.java:62)
at sun.reflect.DelegatingMethodAccessorImpl.invoke(DelegatingMethodAccessorImpl.java:43)
at java.lang.reflect.Method.invoke(Method.java:498)
at org.testng.internal.invokers.MethodInvocationHelper.invokeMethod(MethodInvocationHelper.java:135)
at org.testng.internal.invokers.TestInvoker.invokeMethod(TestInvoker.java:673)
at org.testng.internal.invokers.TestInvoker.invokeTestMethod(TestInvoker.java:220)
at org.testng.internal.invokers.MethodRunner.runInSequence(MethodRunner.java:50)
at org.testng.internal.invokers.TestInvoker$MethodInvocationAgent.invoke(TestInvoker.java:945)
at org.testng.internal.invokers.TestInvoker.invokeTestMethods(TestInvoker.java:193)
at org.testng.internal.invokers.TestMethodWorker.invokeTestMethods(TestMethodWorker.java:146)
at org.testng.internal.invokers.TestMethodWorker.run(TestMethodWorker.java:128)
at java.util.ArrayList.forEach(ArrayList.java:1259)
at org.testng.TestRunner.privateRun(TestRunner.java:808)
at org.testng.TestRunner.run(TestRunner.java:603)
at org.testng.SuiteRunner.runTest(SuiteRunner.java:429)
at org.testng.SuiteRunner.runSequentially(SuiteRunner.java:423)
at org.testng.SuiteRunner.privateRun(SuiteRunner.java:383)
at org.testng.SuiteRunner.run(SuiteRunner.java:326)
at org.testng.SuiteRunnerWorker.runSuite(SuiteRunnerWorker.java:52)
at org.testng.SuiteRunnerWorker.run(SuiteRunnerWorker.java:95)
at org.testng.TestNG.runSuitesSequentially(TestNG.java:1249)
at org.testng.TestNG.runSuitesLocally(TestNG.java:1169)
at org.testng.TestNG.runSuites(TestNG.java:1092)
at org.testng.TestNG.run(TestNG.java:1060)
at org.testng.remote.AbstractRemoteTestNG.run(AbstractRemoteTestNG.java:115)
at org.testng.remote.RemoteTestNG.initAndRun(RemoteTestNG.java:251)
at org.testng.remote.RemoteTestNG.main(RemoteTestNG.java:77)
Caused by: org.openqa.selenium.NoSuchElementException: no such element: Unable to locate element: {"method":"xpath","selector":"//a[contains(@class,'product_img_link')]"}
  (Session info: chrome=102.0.5005.115)
For documentation on this error, please visit: https://selenium.dev/exceptions/#no_such_element
Build info: version: '4.1.1', revision: 'e8fcc2cecf'
System info: host: 'Chinmayees-MacBook-Pro.local', ip: 'fe80:0:0:0:1cef:65df:571d:f55%en0', os.name: 'Mac OS X', os.arch: 'x86_64', os.version: '10.16', java.version: '1.8.0_301'
Driver info: org.openqa.selenium.chrome.ChromeDriver
Command: [72ef0b7eab854dec1d159837c88de3c1, findElement {using=xpath, value=//a[contains(@class,'product_img_link')]}]
Capabilities {acceptInsecureCerts: false, browserName: chrome, browserVersion: 102.0.5005.115, chrome: {chromedriverVersion: 102.0.5005.61 (0e59bcc00cc4..., userDataDir: /var/folders/2k/58m39qqj2pj...}, goog:chromeOptions: {debuggerAddress: localhost:49265}, javascriptEnabled: true, networkConnectionEnabled: false, pageLoadStrategy: normal, platform: MAC, platformName: MAC, proxy: Proxy(), se:cdp: ws://localhost:49265/devtoo..., se:cdpVersion: 102.0.5005.115, setWindowRect: true, strictFileInteractability: false, timeouts: {implicit: 0, pageLoad: 300000, script: 30000}, unhandledPromptBehavior: dismiss and notify, webauthn:extension:credBlob: true, webauthn:extension:largeBlob: true, webauthn:virtualAuthenticators: true}
Session ID: 72ef0b7eab854dec1d159837c88de3c1
at sun.reflect.NativeConstructorAccessorImpl.newInstance0(Native Method)
at sun.reflect.NativeConstructorAccessorImpl.newInstance(NativeConstructorAccessorImpl.java:62)
at sun.reflect.DelegatingConstructorAccessorImpl.newInstance(DelegatingConstructorAccessorImpl.java:45)
at java.lang.reflect.Constructor.newInstance(Constructor.java:423)
at org.openqa.selenium.remote.codec.w3c.W3CHttpResponseCodec.createException(W3CHttpResponseCodec.java:200)
at org.openqa.selenium.remote.codec.w3c.W3CHttpResponseCodec.decode(W3CHttpResponseCodec.java:133)
at org.openqa.selenium.remote.codec.w3c.W3CHttpResponseCodec.decode(W3CHttpResponseCodec.java:53)
at org.openqa.selenium.remote.HttpCommandExecutor.execute(HttpCommandExecutor.java:184)
at org.openqa.selenium.remote.service.DriverCommandExecutor.invokeExecute(DriverCommandExecutor.java:167)
at org.openqa.selenium.remote.service.DriverCommandExecutor.execute(DriverCommandExecutor.java:142)
at org.openqa.selenium.remote.RemoteWebDriver.execute(RemoteWebDriver.java:543)
at org.openqa.selenium.remote.ElementLocation$ElementFinder$2.findElement(ElementLocation.java:162)
at org.openqa.selenium.remote.ElementLocation.findElement(ElementLocation.java:60)
at org.openqa.selenium.remote.RemoteWebDriver.findElement(RemoteWebDriver.java:367)
at org.openqa.selenium.remote.RemoteWebDriver.findElement(RemoteWebDriver.java:359)
at org.openqa.selenium.support.pagefactory.DefaultElementLocator.findElement(DefaultElementLocator.java:70)
at org.openqa.selenium.support.pagefactory.internal.LocatingElementHandler.invoke(LocatingElementHandler.java:39)
at com.sun.proxy.$Proxy18.isDisplayed(Unknown Source)
at org.openqa.selenium.support.ui.ExpectedConditions.elementIfVisible(ExpectedConditions.java:307)
at org.openqa.selenium.support.ui.ExpectedConditions.access$000(ExpectedConditions.java:40)
at org.openqa.selenium.support.ui.ExpectedConditions$10.apply(ExpectedConditions.java:293)
at org.openqa.selenium.support.ui.ExpectedConditions$10.apply(ExpectedConditions.java:290)
at org.openqa.selenium.support.ui.FluentWait.until(FluentWait.java:208)
... 31 more
]]>
            </full-stacktrace>
          </exception> <!-- org.openqa.selenium.TimeoutException -->
          <reporter-output>
          </reporter-output>
        </test-method> <!-- validateaddtocartmessage -->
        <test-method status="PASS" signature="tearDown()[pri:0, instance:AddToCartPageTest@32464a14]" name="tearDown" is-config="true" duration-ms="106" started-at="2022-06-11T19:39:29 IST" finished-at="2022-06-11T19:39:29 IST">
          <reporter-output>
          </reporter-output>
        </test-method> <!-- tearDown -->
      </class> <!-- AddToCartPageTest -->
      <class name="LoginPageTest">
        <test-method status="PASS" signature="setUp(java.lang.String)[pri:0, instance:LoginPageTest@6e2c9341]" name="setUp" is-config="true" duration-ms="7805" started-at="2022-06-11T19:37:42 IST" finished-at="2022-06-11T19:37:50 IST">
          <params>
            <param index="0">
              <value>
                <![CDATA[chrome]]>
              </value>
            </param>
          </params>
          <reporter-output>
          </reporter-output>
        </test-method> <!-- setUp -->
        <test-method status="FAIL" signature="login(java.lang.String,java.lang.String,java.lang.String)[pri:0, instance:LoginPageTest@6e2c9341]" name="login" duration-ms="23276" started-at="2022-06-11T19:37:50 IST" description="Checks the login" data-provider="credentials" finished-at="2022-06-11T19:38:13 IST">
          <params>
            <param index="0">
              <value>
                <![CDATA[admin@xyz.com]]>
              </value>
            </param>
            <param index="1">
              <value>
                <![CDATA[admin@123]]>
              </value>
            </param>
            <param index="2">
              <value>
                <![CDATA[http://automationpractice.com/index.php?controller=my-account]]>
              </value>
            </param>
          </params>
          <exception class="java.lang.AssertionError">
            <message>
              <![CDATA[expected [http://automationpractice.com/index.php?controller=my-account] but found [False]]]>
            </message>
            <full-stacktrace>
              <![CDATA[java.lang.AssertionError: expected [http://automationpractice.com/index.php?controller=my-account] but found [False]
at org.testng.Assert.fail(Assert.java:110)
at org.testng.Assert.failNotEquals(Assert.java:1413)
at org.testng.Assert.assertEqualsImpl(Assert.java:149)
at org.testng.Assert.assertEquals(Assert.java:131)
at org.testng.Assert.assertEquals(Assert.java:655)
at org.testng.Assert.assertEquals(Assert.java:665)
at LoginPageTest.login(LoginPageTest.java:48)
at sun.reflect.NativeMethodAccessorImpl.invoke0(Native Method)
at sun.reflect.NativeMethodAccessorImpl.invoke(NativeMethodAccessorImpl.java:62)
at sun.reflect.DelegatingMethodAccessorImpl.invoke(DelegatingMethodAccessorImpl.java:43)
at java.lang.reflect.Method.invoke(Method.java:498)
at org.testng.internal.invokers.MethodInvocationHelper.invokeMethod(MethodInvocationHelper.java:135)
at org.testng.internal.invokers.TestInvoker.invokeMethod(TestInvoker.java:673)
at org.testng.internal.invokers.TestInvoker.invokeTestMethod(TestInvoker.java:220)
at org.testng.internal.invokers.MethodRunner.runInSequence(MethodRunner.java:50)
at org.testng.internal.invokers.TestInvoker$MethodInvocationAgent.invoke(TestInvoker.java:945)
at org.testng.internal.invokers.TestInvoker.invokeTestMethods(TestInvoker.java:193)
at org.testng.internal.invokers.TestMethodWorker.invokeTestMethods(TestMethodWorker.java:146)
at org.testng.internal.invokers.TestMethodWorker.run(TestMethodWorker.java:128)
at java.util.ArrayList.forEach(ArrayList.java:1259)
at org.testng.TestRunner.privateRun(TestRunner.java:808)
at org.testng.TestRunner.run(TestRunner.java:603)
at org.testng.SuiteRunner.runTest(SuiteRunner.java:429)
at org.testng.SuiteRunner.runSequentially(SuiteRunner.java:423)
at org.testng.SuiteRunner.privateRun(SuiteRunner.java:383)
at org.testng.SuiteRunner.run(SuiteRunner.java:326)
at org.testng.SuiteRunnerWorker.runSuite(SuiteRunnerWorker.java:52)
at org.testng.SuiteRunnerWorker.run(SuiteRunnerWorker.java:95)
at org.testng.TestNG.runSuitesSequentially(TestNG.java:1249)
at org.testng.TestNG.runSuitesLocally(TestNG.java:1169)
at org.testng.TestNG.runSuites(TestNG.java:1092)
at org.testng.TestNG.run(TestNG.java:1060)
at org.testng.remote.AbstractRemoteTestNG.run(AbstractRemoteTestNG.java:115)
at org.testng.remote.RemoteTestNG.initAndRun(RemoteTestNG.java:251)
at org.testng.remote.RemoteTestNG.main(RemoteTestNG.java:77)
]]>
            </full-stacktrace>
          </exception> <!-- java.lang.AssertionError -->
          <reporter-output>
          </reporter-output>
        </test-method> <!-- login -->
        <test-method status="PASS" signature="tearDown()[pri:0, instance:LoginPageTest@6e2c9341]" name="tearDown" is-config="true" duration-ms="154" started-at="2022-06-11T19:38:13 IST" finished-at="2022-06-11T19:38:14 IST">
          <reporter-output>
          </reporter-output>
        </test-method> <!-- tearDown -->
        <test-method status="PASS" signature="setUp(java.lang.String)[pri:0, instance:LoginPageTest@6e2c9341]" name="setUp" is-config="true" duration-ms="1979" started-at="2022-06-11T19:38:14 IST" finished-at="2022-06-11T19:38:16 IST">
          <params>
            <param index="0">
              <value>
                <![CDATA[chrome]]>
              </value>
            </param>
          </params>
          <reporter-output>
          </reporter-output>
        </test-method> <!-- setUp -->
        <test-method status="FAIL" signature="login(java.lang.String,java.lang.String,java.lang.String)[pri:0, instance:LoginPageTest@6e2c9341]" name="login" duration-ms="5741" started-at="2022-06-11T19:38:16 IST" description="Checks the login" data-provider="credentials" finished-at="2022-06-11T19:38:21 IST">
          <params>
            <param index="0">
              <value>
                <![CDATA[admin@xyz.com]]>
              </value>
            </param>
            <param index="1">
              <value>
                <![CDATA[admin@124]]>
              </value>
            </param>
            <param index="2">
              <value>
                <![CDATA[http://automationpractice.com/index.php?controller=authentication]]>
              </value>
            </param>
          </params>
          <exception class="org.openqa.selenium.WebDriverException">
            <message>
              <![CDATA[disconnected: not connected to DevTools
  (Session info: chrome=102.0.5005.115)
Build info: version: '4.1.1', revision: 'e8fcc2cecf'
System info: host: 'Chinmayees-MacBook-Pro.local', ip: 'fe80:0:0:0:1cef:65df:571d:f55%en0', os.name: 'Mac OS X', os.arch: 'x86_64', os.version: '10.16', java.version: '1.8.0_301'
Driver info: org.openqa.selenium.chrome.ChromeDriver
Command: [e267121bd7abf5d4208bc58e4a1741a6, findElement {using=xpath, value=//a[contains(text(),'Sign in')]}]
Capabilities {acceptInsecureCerts: false, browserName: chrome, browserVersion: 102.0.5005.115, chrome: {chromedriverVersion: 102.0.5005.61 (0e59bcc00cc4..., userDataDir: /var/folders/2k/58m39qqj2pj...}, goog:chromeOptions: {debuggerAddress: localhost:49233}, javascriptEnabled: true, networkConnectionEnabled: false, pageLoadStrategy: normal, platform: MAC, platformName: MAC, proxy: Proxy(), se:cdp: ws://localhost:49233/devtoo..., se:cdpVersion: 102.0.5005.115, setWindowRect: true, strictFileInteractability: false, timeouts: {implicit: 0, pageLoad: 300000, script: 30000}, unhandledPromptBehavior: dismiss and notify, webauthn:extension:credBlob: true, webauthn:extension:largeBlob: true, webauthn:virtualAuthenticators: true}
Session ID: e267121bd7abf5d4208bc58e4a1741a6]]>
            </message>
            <full-stacktrace>
              <![CDATA[org.openqa.selenium.WebDriverException: disconnected: not connected to DevTools
  (Session info: chrome=102.0.5005.115)
Build info: version: '4.1.1', revision: 'e8fcc2cecf'
System info: host: 'Chinmayees-MacBook-Pro.local', ip: 'fe80:0:0:0:1cef:65df:571d:f55%en0', os.name: 'Mac OS X', os.arch: 'x86_64', os.version: '10.16', java.version: '1.8.0_301'
Driver info: org.openqa.selenium.chrome.ChromeDriver
Command: [e267121bd7abf5d4208bc58e4a1741a6, findElement {using=xpath, value=//a[contains(text(),'Sign in')]}]
Capabilities {acceptInsecureCerts: false, browserName: chrome, browserVersion: 102.0.5005.115, chrome: {chromedriverVersion: 102.0.5005.61 (0e59bcc00cc4..., userDataDir: /var/folders/2k/58m39qqj2pj...}, goog:chromeOptions: {debuggerAddress: localhost:49233}, javascriptEnabled: true, networkConnectionEnabled: false, pageLoadStrategy: normal, platform: MAC, platformName: MAC, proxy: Proxy(), se:cdp: ws://localhost:49233/devtoo..., se:cdpVersion: 102.0.5005.115, setWindowRect: true, strictFileInteractability: false, timeouts: {implicit: 0, pageLoad: 300000, script: 30000}, unhandledPromptBehavior: dismiss and notify, webauthn:extension:credBlob: true, webauthn:extension:largeBlob: true, webauthn:virtualAuthenticators: true}
Session ID: e267121bd7abf5d4208bc58e4a1741a6
at sun.reflect.NativeConstructorAccessorImpl.newInstance0(Native Method)
at sun.reflect.NativeConstructorAccessorImpl.newInstance(NativeConstructorAccessorImpl.java:62)
at sun.reflect.DelegatingConstructorAccessorImpl.newInstance(DelegatingConstructorAccessorImpl.java:45)
at java.lang.reflect.Constructor.newInstance(Constructor.java:423)
at org.openqa.selenium.remote.codec.w3c.W3CHttpResponseCodec.createException(W3CHttpResponseCodec.java:200)
at org.openqa.selenium.remote.codec.w3c.W3CHttpResponseCodec.decode(W3CHttpResponseCodec.java:133)
at org.openqa.selenium.remote.codec.w3c.W3CHttpResponseCodec.decode(W3CHttpResponseCodec.java:53)
at org.openqa.selenium.remote.HttpCommandExecutor.execute(HttpCommandExecutor.java:184)
at org.openqa.selenium.remote.service.DriverCommandExecutor.invokeExecute(DriverCommandExecutor.java:167)
at org.openqa.selenium.remote.service.DriverCommandExecutor.execute(DriverCommandExecutor.java:142)
at org.openqa.selenium.remote.RemoteWebDriver.execute(RemoteWebDriver.java:543)
at org.openqa.selenium.remote.ElementLocation$ElementFinder$2.findElement(ElementLocation.java:162)
at org.openqa.selenium.remote.ElementLocation.findElement(ElementLocation.java:60)
at org.openqa.selenium.remote.RemoteWebDriver.findElement(RemoteWebDriver.java:367)
at org.openqa.selenium.remote.RemoteWebDriver.findElement(RemoteWebDriver.java:359)
at org.openqa.selenium.support.pagefactory.DefaultElementLocator.findElement(DefaultElementLocator.java:70)
at org.openqa.selenium.support.pagefactory.internal.LocatingElementHandler.invoke(LocatingElementHandler.java:39)
at com.sun.proxy.$Proxy18.isDisplayed(Unknown Source)
at com.mystore.actiondriver.ActionDriver.isDisplayed(ActionDriver.java:50)
at com.mystore.pageobjects.IndexPage.clickSignIn(IndexPage.java:55)
at LoginPageTest.login(LoginPageTest.java:43)
at sun.reflect.NativeMethodAccessorImpl.invoke0(Native Method)
at sun.reflect.NativeMethodAccessorImpl.invoke(NativeMethodAccessorImpl.java:62)
at sun.reflect.DelegatingMethodAccessorImpl.invoke(DelegatingMethodAccessorImpl.java:43)
at java.lang.reflect.Method.invoke(Method.java:498)
at org.testng.internal.invokers.MethodInvocationHelper.invokeMethod(MethodInvocationHelper.java:135)
at org.testng.internal.invokers.TestInvoker.invokeMethod(TestInvoker.java:673)
at org.testng.internal.invokers.TestInvoker.invokeTestMethod(TestInvoker.java:220)
at org.testng.internal.invokers.MethodRunner.runInSequence(MethodRunner.java:50)
at org.testng.internal.invokers.TestInvoker$MethodInvocationAgent.invoke(TestInvoker.java:945)
at org.testng.internal.invokers.TestInvoker.invokeTestMethods(TestInvoker.java:193)
at org.testng.internal.invokers.TestMethodWorker.invokeTestMethods(TestMethodWorker.java:146)
at org.testng.internal.invokers.TestMethodWorker.run(TestMethodWorker.java:128)
at java.util.ArrayList.forEach(ArrayList.java:1259)
at org.testng.TestRunner.privateRun(TestRunner.java:808)
at org.testng.TestRunner.run(TestRunner.java:603)
at org.testng.SuiteRunner.runTest(SuiteRunner.java:429)
at org.testng.SuiteRunner.runSequentially(SuiteRunner.java:423)
at org.testng.SuiteRunner.privateRun(SuiteRunner.java:383)
at org.testng.SuiteRunner.run(SuiteRunner.java:326)
at org.testng.SuiteRunnerWorker.runSuite(SuiteRunnerWorker.java:52)
at org.testng.SuiteRunnerWorker.run(SuiteRunnerWorker.java:95)
at org.testng.TestNG.runSuitesSequentially(TestNG.java:1249)
at org.testng.TestNG.runSuitesLocally(TestNG.java:1169)
at org.testng.TestNG.runSuites(TestNG.java:1092)
at org.testng.TestNG.run(TestNG.java:1060)
at org.testng.remote.AbstractRemoteTestNG.run(AbstractRemoteTestNG.java:115)
at org.testng.remote.RemoteTestNG.initAndRun(RemoteTestNG.java:251)
at org.testng.remote.RemoteTestNG.main(RemoteTestNG.java:77)
]]>
            </full-stacktrace>
          </exception> <!-- org.openqa.selenium.WebDriverException -->
          <reporter-output>
          </reporter-output>
        </test-method> <!-- login -->
        <test-method status="PASS" signature="tearDown()[pri:0, instance:LoginPageTest@6e2c9341]" name="tearDown" is-config="true" duration-ms="115" started-at="2022-06-11T19:39:01 IST" finished-at="2022-06-11T19:39:01 IST">
          <reporter-output>
          </reporter-output>
        </test-method> <!-- tearDown -->
      </class> <!-- LoginPageTest -->
      <class name="OrderPageTest">
        <test-method status="PASS" signature="setUp(java.lang.String)[pri:0, instance:OrderPageTest@2f490758]" name="setUp" is-config="true" duration-ms="9116" started-at="2022-06-11T19:35:44 IST" finished-at="2022-06-11T19:35:53 IST">
          <params>
            <param index="0">
              <value>
                <![CDATA[chrome]]>
              </value>
            </param>
          </params>
          <reporter-output>
          </reporter-output>
        </test-method> <!-- setUp -->
        <test-method status="PASS" signature="validateorderpage()[pri:0, instance:OrderPageTest@2f490758]" name="validateorderpage" duration-ms="11076" started-at="2022-06-11T19:35:53 IST" description="Checks the valid Order page test page" finished-at="2022-06-11T19:36:05 IST">
          <reporter-output>
          </reporter-output>
        </test-method> <!-- validateorderpage -->
        <test-method status="PASS" signature="tearDown()[pri:0, instance:OrderPageTest@2f490758]" name="tearDown" is-config="true" duration-ms="157" started-at="2022-06-11T19:36:05 IST" finished-at="2022-06-11T19:36:05 IST">
          <reporter-output>
          </reporter-output>
        </test-method> <!-- tearDown -->
      </class> <!-- OrderPageTest -->
      <class name="HomePageTest">
        <test-method status="PASS" signature="setUp(java.lang.String)[pri:0, instance:HomePageTest@16022d9d]" name="setUp" is-config="true" duration-ms="9054" started-at="2022-06-11T19:34:14 IST" finished-at="2022-06-11T19:34:23 IST">
          <params>
            <param index="0">
              <value>
                <![CDATA[chrome]]>
              </value>
            </param>
          </params>
          <reporter-output>
          </reporter-output>
        </test-method> <!-- setUp -->
        <test-method status="PASS" signature="validateHomePage()[pri:0, instance:HomePageTest@16022d9d]" name="validateHomePage" duration-ms="18550" started-at="2022-06-11T19:34:23 IST" description="Checks the validing of the Home page" finished-at="2022-06-11T19:34:41 IST">
          <reporter-output>
          </reporter-output>
        </test-method> <!-- validateHomePage -->
        <test-method status="PASS" signature="tearDown()[pri:0, instance:HomePageTest@16022d9d]" name="tearDown" is-config="true" duration-ms="162" started-at="2022-06-11T19:34:42 IST" finished-at="2022-06-11T19:34:42 IST">
          <reporter-output>
          </reporter-output>
        </test-method> <!-- tearDown -->
      </class> <!-- HomePageTest -->
      <class name="IndexPageTest">
        <test-method status="PASS" signature="setUp(java.lang.String)[pri:0, instance:IndexPageTest@46238e3f]" name="setUp" is-config="true" duration-ms="8791" started-at="2022-06-11T19:37:20 IST" finished-at="2022-06-11T19:37:29 IST">
          <params>
            <param index="0">
              <value>
                <![CDATA[chrome]]>
              </value>
            </param>
          </params>
          <reporter-output>
          </reporter-output>
        </test-method> <!-- setUp -->
        <test-method status="FAIL" signature="checkLogotest()[pri:0, instance:IndexPageTest@46238e3f]" name="checkLogotest" duration-ms="1042" started-at="2022-06-11T19:37:29 IST" description="Checks the validation of the Logo " finished-at="2022-06-11T19:37:30 IST">
          <exception class="java.lang.AssertionError">
            <full-stacktrace>
              <![CDATA[java.lang.AssertionError: 
at org.testng.AssertJUnit.fail(AssertJUnit.java:65)
at org.testng.AssertJUnit.assertTrue(AssertJUnit.java:23)
at org.testng.AssertJUnit.assertFalse(AssertJUnit.java:44)
at org.testng.AssertJUnit.assertFalse(AssertJUnit.java:53)
at IndexPageTest.checkLogotest(IndexPageTest.java:56)
at sun.reflect.NativeMethodAccessorImpl.invoke0(Native Method)
at sun.reflect.NativeMethodAccessorImpl.invoke(NativeMethodAccessorImpl.java:62)
at sun.reflect.DelegatingMethodAccessorImpl.invoke(DelegatingMethodAccessorImpl.java:43)
at java.lang.reflect.Method.invoke(Method.java:498)
at org.testng.internal.invokers.MethodInvocationHelper.invokeMethod(MethodInvocationHelper.java:135)
at org.testng.internal.invokers.TestInvoker.invokeMethod(TestInvoker.java:673)
at org.testng.internal.invokers.TestInvoker.invokeTestMethod(TestInvoker.java:220)
at org.testng.internal.invokers.MethodRunner.runInSequence(MethodRunner.java:50)
at org.testng.internal.invokers.TestInvoker$MethodInvocationAgent.invoke(TestInvoker.java:945)
at org.testng.internal.invokers.TestInvoker.invokeTestMethods(TestInvoker.java:193)
at org.testng.internal.invokers.TestMethodWorker.invokeTestMethods(TestMethodWorker.java:146)
at org.testng.internal.invokers.TestMethodWorker.run(TestMethodWorker.java:128)
at java.util.ArrayList.forEach(ArrayList.java:1259)
at org.testng.TestRunner.privateRun(TestRunner.java:808)
at org.testng.TestRunner.run(TestRunner.java:603)
at org.testng.SuiteRunner.runTest(SuiteRunner.java:429)
at org.testng.SuiteRunner.runSequentially(SuiteRunner.java:423)
at org.testng.SuiteRunner.privateRun(SuiteRunner.java:383)
at org.testng.SuiteRunner.run(SuiteRunner.java:326)
at org.testng.SuiteRunnerWorker.runSuite(SuiteRunnerWorker.java:52)
at org.testng.SuiteRunnerWorker.run(SuiteRunnerWorker.java:95)
at org.testng.TestNG.runSuitesSequentially(TestNG.java:1249)
at org.testng.TestNG.runSuitesLocally(TestNG.java:1169)
at org.testng.TestNG.runSuites(TestNG.java:1092)
at org.testng.TestNG.run(TestNG.java:1060)
at org.testng.remote.AbstractRemoteTestNG.run(AbstractRemoteTestNG.java:115)
at org.testng.remote.RemoteTestNG.initAndRun(RemoteTestNG.java:251)
at org.testng.remote.RemoteTestNG.main(RemoteTestNG.java:77)
]]>
            </full-stacktrace>
          </exception> <!-- java.lang.AssertionError -->
          <reporter-output>
          </reporter-output>
        </test-method> <!-- checkLogotest -->
        <test-method status="PASS" signature="tearDown()[pri:0, instance:IndexPageTest@46238e3f]" name="tearDown" is-config="true" duration-ms="104" started-at="2022-06-11T19:37:31 IST" finished-at="2022-06-11T19:37:31 IST">
          <reporter-output>
          </reporter-output>
        </test-method> <!-- tearDown -->
        <test-method status="PASS" signature="setUp(java.lang.String)[pri:0, instance:IndexPageTest@46238e3f]" name="setUp" is-config="true" duration-ms="9624" started-at="2022-06-11T19:37:31 IST" finished-at="2022-06-11T19:37:41 IST">
          <params>
            <param index="0">
              <value>
                <![CDATA[chrome]]>
              </value>
            </param>
          </params>
          <reporter-output>
          </reporter-output>
        </test-method> <!-- setUp -->
        <test-method status="PASS" signature="checkTitleTest()[pri:0, instance:IndexPageTest@46238e3f]" name="checkTitleTest" duration-ms="12" started-at="2022-06-11T19:37:41 IST" finished-at="2022-06-11T19:37:41 IST">
          <reporter-output>
          </reporter-output>
        </test-method> <!-- checkTitleTest -->
        <test-method status="PASS" signature="tearDown()[pri:0, instance:IndexPageTest@46238e3f]" name="tearDown" is-config="true" duration-ms="166" started-at="2022-06-11T19:37:42 IST" finished-at="2022-06-11T19:37:42 IST">
          <reporter-output>
          </reporter-output>
        </test-method> <!-- tearDown -->
      </class> <!-- IndexPageTest -->
      <class name="AccountCreationTest">
        <test-method status="PASS" signature="setUp(java.lang.String)[pri:0, instance:AccountCreationTest@7181ae3f]" name="setUp" is-config="true" duration-ms="7479" started-at="2022-06-11T19:37:03 IST" finished-at="2022-06-11T19:37:11 IST">
          <params>
            <param index="0">
              <value>
                <![CDATA[chrome]]>
              </value>
            </param>
          </params>
          <reporter-output>
          </reporter-output>
        </test-method> <!-- setUp -->
        <test-method status="PASS" signature="validateAccountCreationPage()[pri:0, instance:AccountCreationTest@7181ae3f]" name="validateAccountCreationPage" duration-ms="8562" started-at="2022-06-11T19:37:11 IST" description="Checks the valid account creation page" finished-at="2022-06-11T19:37:19 IST">
          <reporter-output>
          </reporter-output>
        </test-method> <!-- validateAccountCreationPage -->
        <test-method status="PASS" signature="tearDown()[pri:0, instance:AccountCreationTest@7181ae3f]" name="tearDown" is-config="true" duration-ms="130" started-at="2022-06-11T19:37:20 IST" finished-at="2022-06-11T19:37:20 IST">
          <reporter-output>
          </reporter-output>
        </test-method> <!-- tearDown -->
      </class> <!-- AccountCreationTest -->
      <class name="SearchResultPageTest">
        <test-method status="PASS" signature="setUp(java.lang.String)[pri:0, instance:SearchResultPageTest@1188e820]" name="setUp" is-config="true" duration-ms="7474" started-at="2022-06-11T19:34:42 IST" finished-at="2022-06-11T19:34:49 IST">
          <params>
            <param index="0">
              <value>
                <![CDATA[chrome]]>
              </value>
            </param>
          </params>
          <reporter-output>
          </reporter-output>
        </test-method> <!-- setUp -->
        <test-method status="PASS" signature="validatenosearch()[pri:-2, instance:SearchResultPageTest@1188e820]" name="validatenosearch" duration-ms="2639" started-at="2022-06-11T19:34:49 IST" finished-at="2022-06-11T19:34:52 IST">
          <reporter-output>
          </reporter-output>
        </test-method> <!-- validatenosearch -->
        <test-method status="PASS" signature="tearDown()[pri:0, instance:SearchResultPageTest@1188e820]" name="tearDown" is-config="true" duration-ms="152" started-at="2022-06-11T19:34:52 IST" finished-at="2022-06-11T19:34:52 IST">
          <reporter-output>
          </reporter-output>
        </test-method> <!-- tearDown -->
        <test-method status="PASS" signature="setUp(java.lang.String)[pri:0, instance:SearchResultPageTest@1188e820]" name="setUp" is-config="true" duration-ms="35707" started-at="2022-06-11T19:34:52 IST" finished-at="2022-06-11T19:35:28 IST">
          <params>
            <param index="0">
              <value>
                <![CDATA[chrome]]>
              </value>
            </param>
          </params>
          <reporter-output>
          </reporter-output>
        </test-method> <!-- setUp -->
        <test-method status="PASS" signature="validatenoresulttext()[pri:-1, instance:SearchResultPageTest@1188e820]" name="validatenoresulttext" duration-ms="2747" started-at="2022-06-11T19:35:28 IST" description="Checks the valid no result page test" finished-at="2022-06-11T19:35:31 IST">
          <reporter-output>
          </reporter-output>
        </test-method> <!-- validatenoresulttext -->
        <test-method status="PASS" signature="tearDown()[pri:0, instance:SearchResultPageTest@1188e820]" name="tearDown" is-config="true" duration-ms="158" started-at="2022-06-11T19:35:31 IST" finished-at="2022-06-11T19:35:31 IST">
          <reporter-output>
          </reporter-output>
        </test-method> <!-- tearDown -->
        <test-method status="PASS" signature="setUp(java.lang.String)[pri:0, instance:SearchResultPageTest@1188e820]" name="setUp" is-config="true" duration-ms="8099" started-at="2022-06-11T19:35:31 IST" finished-at="2022-06-11T19:35:39 IST">
          <params>
            <param index="0">
              <value>
                <![CDATA[chrome]]>
              </value>
            </param>
          </params>
          <reporter-output>
          </reporter-output>
        </test-method> <!-- setUp -->
        <test-method status="PASS" signature="checkseachresult()[pri:0, instance:SearchResultPageTest@1188e820]" name="checkseachresult" duration-ms="4501" started-at="2022-06-11T19:35:39 IST" description="Checks the search Result page test" finished-at="2022-06-11T19:35:44 IST">
          <reporter-output>
          </reporter-output>
        </test-method> <!-- checkseachresult -->
        <test-method status="PASS" signature="tearDown()[pri:0, instance:SearchResultPageTest@1188e820]" name="tearDown" is-config="true" duration-ms="108" started-at="2022-06-11T19:35:44 IST" finished-at="2022-06-11T19:35:44 IST">
          <reporter-output>
          </reporter-output>
        </test-method> <!-- tearDown -->
      </class> <!-- SearchResultPageTest -->
      <class name="EndToEndTest">
        <test-method status="PASS" signature="loadConfig()[pri:0, instance:EndToEndTest@77a57272]" name="loadConfig" is-config="true" duration-ms="185" started-at="2022-06-11T19:34:13 IST" finished-at="2022-06-11T19:34:14 IST">
          <reporter-output>
          </reporter-output>
        </test-method> <!-- loadConfig -->
        <test-method status="PASS" signature="setUp(java.lang.String)[pri:0, instance:EndToEndTest@77a57272]" name="setUp" is-config="true" duration-ms="6866" started-at="2022-06-11T19:36:05 IST" finished-at="2022-06-11T19:36:12 IST">
          <params>
            <param index="0">
              <value>
                <![CDATA[chrome]]>
              </value>
            </param>
          </params>
          <reporter-output>
          </reporter-output>
        </test-method> <!-- setUp -->
        <test-method status="PASS" signature="validateorderpage()[pri:0, instance:EndToEndTest@77a57272]" name="validateorderpage" duration-ms="50815" started-at="2022-06-11T19:36:12 IST" finished-at="2022-06-11T19:37:03 IST">
          <reporter-output>
          </reporter-output>
        </test-method> <!-- validateorderpage -->
        <test-method status="PASS" signature="tearDown()[pri:0, instance:EndToEndTest@77a57272]" name="tearDown" is-config="true" duration-ms="161" started-at="2022-06-11T19:37:03 IST" finished-at="2022-06-11T19:37:03 IST">
          <reporter-output>
          </reporter-output>
        </test-method> <!-- tearDown -->
        <test-method status="PASS" signature="afterTest()[pri:0, instance:EndToEndTest@77a57272]" name="afterTest" is-config="true" duration-ms="797" started-at="2022-06-11T19:39:29 IST" finished-at="2022-06-11T19:39:30 IST">
          <reporter-output>
          </reporter-output>
        </test-method> <!-- afterTest -->
      </class> <!-- EndToEndTest -->
    </test> <!-- Test -->
  </suite> <!-- Suite -->
</testng-results>
